0 info it worked if it ends with ok
1 verbose cli [ '/usr/local/bin/node', '/usr/local/bin/npm', 'publish', '.' ]
2 info using npm@1.2.24
3 info using node@v0.10.9
4 verbose publish [ '.' ]
5 verbose read json /Users/adelevie/programming/wut/package.json
6 verbose cache add [ '.', null ]
7 verbose cache add name=undefined spec="." args=[".",null]
8 verbose parsed url { protocol: null,
8 verbose parsed url   slashes: null,
8 verbose parsed url   auth: null,
8 verbose parsed url   host: null,
8 verbose parsed url   port: null,
8 verbose parsed url   hostname: null,
8 verbose parsed url   hash: null,
8 verbose parsed url   search: null,
8 verbose parsed url   query: null,
8 verbose parsed url   pathname: '.',
8 verbose parsed url   path: '.',
8 verbose parsed url   href: '.' }
9 silly lockFile 3a52ce78- .
10 verbose lock . /Users/adelevie/.npm/3a52ce78-.lock
11 verbose read json package.json
12 verbose tar pack [ '/var/folders/1m/fb9g9_mx1mjbs1s_dl6h8xc80000gn/T/npm-17199/1387261105026-0.28800980490632355/tmp.tgz',
12 verbose tar pack   '.' ]
13 verbose tarball /var/folders/1m/fb9g9_mx1mjbs1s_dl6h8xc80000gn/T/npm-17199/1387261105026-0.28800980490632355/tmp.tgz
14 verbose folder .
15 info prepublish wut@0.0.0
16 silly lockFile 3a52ce78- .
17 verbose lock . /Users/adelevie/.npm/3a52ce78-.lock
18 silly lockFile 1e631cd4-5026-0-28800980490632355-tmp-tgz /var/folders/1m/fb9g9_mx1mjbs1s_dl6h8xc80000gn/T/npm-17199/1387261105026-0.28800980490632355/tmp.tgz
19 verbose lock /var/folders/1m/fb9g9_mx1mjbs1s_dl6h8xc80000gn/T/npm-17199/1387261105026-0.28800980490632355/tmp.tgz /Users/adelevie/.npm/1e631cd4-5026-0-28800980490632355-tmp-tgz.lock
20 silly lockFile 3a52ce78- .
21 silly lockFile 3a52ce78- .
22 silly lockFile 1e631cd4-5026-0-28800980490632355-tmp-tgz /var/folders/1m/fb9g9_mx1mjbs1s_dl6h8xc80000gn/T/npm-17199/1387261105026-0.28800980490632355/tmp.tgz
23 silly lockFile 1e631cd4-5026-0-28800980490632355-tmp-tgz /var/folders/1m/fb9g9_mx1mjbs1s_dl6h8xc80000gn/T/npm-17199/1387261105026-0.28800980490632355/tmp.tgz
24 verbose tar unpack /var/folders/1m/fb9g9_mx1mjbs1s_dl6h8xc80000gn/T/npm-17199/1387261105026-0.28800980490632355/tmp.tgz
25 silly lockFile 92b90ffe-5026-0-28800980490632355-package /var/folders/1m/fb9g9_mx1mjbs1s_dl6h8xc80000gn/T/npm-17199/1387261105026-0.28800980490632355/package
26 verbose lock /var/folders/1m/fb9g9_mx1mjbs1s_dl6h8xc80000gn/T/npm-17199/1387261105026-0.28800980490632355/package /Users/adelevie/.npm/92b90ffe-5026-0-28800980490632355-package.lock
27 silly lockFile 1e631cd4-5026-0-28800980490632355-tmp-tgz /var/folders/1m/fb9g9_mx1mjbs1s_dl6h8xc80000gn/T/npm-17199/1387261105026-0.28800980490632355/tmp.tgz
28 verbose lock /var/folders/1m/fb9g9_mx1mjbs1s_dl6h8xc80000gn/T/npm-17199/1387261105026-0.28800980490632355/tmp.tgz /Users/adelevie/.npm/1e631cd4-5026-0-28800980490632355-tmp-tgz.lock
29 silly gunzTarPerm modes [ '755', '644' ]
30 silly gunzTarPerm extractEntry package.json
31 silly gunzTarPerm extractEntry README.md
32 silly gunzTarPerm extractEntry test.js
33 silly gunzTarPerm extractEntry wut.js
34 verbose read json /var/folders/1m/fb9g9_mx1mjbs1s_dl6h8xc80000gn/T/npm-17199/1387261105026-0.28800980490632355/package/package.json
35 silly lockFile 92b90ffe-5026-0-28800980490632355-package /var/folders/1m/fb9g9_mx1mjbs1s_dl6h8xc80000gn/T/npm-17199/1387261105026-0.28800980490632355/package
36 silly lockFile 92b90ffe-5026-0-28800980490632355-package /var/folders/1m/fb9g9_mx1mjbs1s_dl6h8xc80000gn/T/npm-17199/1387261105026-0.28800980490632355/package
37 silly lockFile 1e631cd4-5026-0-28800980490632355-tmp-tgz /var/folders/1m/fb9g9_mx1mjbs1s_dl6h8xc80000gn/T/npm-17199/1387261105026-0.28800980490632355/tmp.tgz
38 silly lockFile 1e631cd4-5026-0-28800980490632355-tmp-tgz /var/folders/1m/fb9g9_mx1mjbs1s_dl6h8xc80000gn/T/npm-17199/1387261105026-0.28800980490632355/tmp.tgz
39 verbose from cache /var/folders/1m/fb9g9_mx1mjbs1s_dl6h8xc80000gn/T/npm-17199/1387261105026-0.28800980490632355/package/package.json
40 verbose tar pack [ '/Users/adelevie/.npm/wut/0.0.0/package.tgz',
40 verbose tar pack   '/var/folders/1m/fb9g9_mx1mjbs1s_dl6h8xc80000gn/T/npm-17199/1387261105026-0.28800980490632355/package' ]
41 verbose tarball /Users/adelevie/.npm/wut/0.0.0/package.tgz
42 verbose folder /var/folders/1m/fb9g9_mx1mjbs1s_dl6h8xc80000gn/T/npm-17199/1387261105026-0.28800980490632355/package
43 silly lockFile 92b90ffe-5026-0-28800980490632355-package /var/folders/1m/fb9g9_mx1mjbs1s_dl6h8xc80000gn/T/npm-17199/1387261105026-0.28800980490632355/package
44 verbose lock /var/folders/1m/fb9g9_mx1mjbs1s_dl6h8xc80000gn/T/npm-17199/1387261105026-0.28800980490632355/package /Users/adelevie/.npm/92b90ffe-5026-0-28800980490632355-package.lock
45 silly lockFile e037c699-elevie-npm-wut-0-0-0-package-tgz /Users/adelevie/.npm/wut/0.0.0/package.tgz
46 verbose lock /Users/adelevie/.npm/wut/0.0.0/package.tgz /Users/adelevie/.npm/e037c699-elevie-npm-wut-0-0-0-package-tgz.lock
47 silly lockFile 92b90ffe-5026-0-28800980490632355-package /var/folders/1m/fb9g9_mx1mjbs1s_dl6h8xc80000gn/T/npm-17199/1387261105026-0.28800980490632355/package
48 silly lockFile 92b90ffe-5026-0-28800980490632355-package /var/folders/1m/fb9g9_mx1mjbs1s_dl6h8xc80000gn/T/npm-17199/1387261105026-0.28800980490632355/package
49 silly lockFile e037c699-elevie-npm-wut-0-0-0-package-tgz /Users/adelevie/.npm/wut/0.0.0/package.tgz
50 silly lockFile e037c699-elevie-npm-wut-0-0-0-package-tgz /Users/adelevie/.npm/wut/0.0.0/package.tgz
51 silly lockFile a6e8dd18-s-adelevie-npm-wut-0-0-0-package /Users/adelevie/.npm/wut/0.0.0/package
52 verbose lock /Users/adelevie/.npm/wut/0.0.0/package /Users/adelevie/.npm/a6e8dd18-s-adelevie-npm-wut-0-0-0-package.lock
53 silly lockFile a6e8dd18-s-adelevie-npm-wut-0-0-0-package /Users/adelevie/.npm/wut/0.0.0/package
54 silly lockFile a6e8dd18-s-adelevie-npm-wut-0-0-0-package /Users/adelevie/.npm/wut/0.0.0/package
55 verbose tar unpack /Users/adelevie/.npm/wut/0.0.0/package.tgz
56 silly lockFile a6e8dd18-s-adelevie-npm-wut-0-0-0-package /Users/adelevie/.npm/wut/0.0.0/package
57 verbose lock /Users/adelevie/.npm/wut/0.0.0/package /Users/adelevie/.npm/a6e8dd18-s-adelevie-npm-wut-0-0-0-package.lock
58 silly lockFile e037c699-elevie-npm-wut-0-0-0-package-tgz /Users/adelevie/.npm/wut/0.0.0/package.tgz
59 verbose lock /Users/adelevie/.npm/wut/0.0.0/package.tgz /Users/adelevie/.npm/e037c699-elevie-npm-wut-0-0-0-package-tgz.lock
60 silly gunzTarPerm modes [ '755', '644' ]
61 silly gunzTarPerm extractEntry package.json
62 silly gunzTarPerm extractEntry README.md
63 silly gunzTarPerm extractEntry test.js
64 silly gunzTarPerm extractEntry wut.js
65 verbose read json /Users/adelevie/.npm/wut/0.0.0/package/package.json
66 silly lockFile a6e8dd18-s-adelevie-npm-wut-0-0-0-package /Users/adelevie/.npm/wut/0.0.0/package
67 silly lockFile a6e8dd18-s-adelevie-npm-wut-0-0-0-package /Users/adelevie/.npm/wut/0.0.0/package
68 silly lockFile e037c699-elevie-npm-wut-0-0-0-package-tgz /Users/adelevie/.npm/wut/0.0.0/package.tgz
69 silly lockFile e037c699-elevie-npm-wut-0-0-0-package-tgz /Users/adelevie/.npm/wut/0.0.0/package.tgz
70 verbose from cache /Users/adelevie/.npm/wut/0.0.0/package/package.json
71 verbose chmod /Users/adelevie/.npm/wut/0.0.0/package.tgz 644
72 verbose chown /Users/adelevie/.npm/wut/0.0.0/package.tgz [ 501, 20 ]
73 silly lockFile 3a52ce78- .
74 silly publish { name: 'wut',
74 silly publish   version: '0.0.0',
74 silly publish   description: 'write templates in js',
74 silly publish   main: 'wut.js',
74 silly publish   scripts: { test: 'node test.js' },
74 silly publish   repository: { type: 'git', url: 'https://github.com/adelevie/wut' },
74 silly publish   author: { name: 'Alan deLevie, Jamon Holmgren' },
74 silly publish   license: 'MIT',
74 silly publish   dependencies: { underscore: '*' },
74 silly publish   readme: '# wut\n\nA small Javascript templating library.\nProbably not very useful in the real world, but it works, and was a joy to build.\n\nTemplates, written in Javascript.\n\nUsage:\n\n```javascript\nvar wut = require(\'wut\');\nvar makeTag = wut.makeTag;\n\n// Create some tags:\nvar html = makeTag("html");\nvar body = makeTag("body");\nvar ul = makeTag("ul");\nvar li = makeTag("li");\nvar p = makeTag("p");\nvar a = makeTag("a");\n\n// Or pollute the scope with some premade tag functions (Coming Soon!):\nwut.pollute();\n\n// Use a single tag:\np("foo"); \n//=> <p>foo</p>\n\n// Nest some tags:\nhtml(\n  body(\n    ul(\n      li("Item one"),\n      li("Item two")\n    )\n  )\n);\n//=> <html><body><ul><li>Item one</li><li>Item two</li></ul></body></html> \n\n// Set attributes:\na({href: "http://google.com"}, "Click Here");\n// => <a href=\'http://google.com\'>Click Here</a>\n\nvar html = makeTag("html");\nvar body = makeTag("body");\nvar p = makeTag("p");\nvar span = makeTag("span");\nvar head = makeTag("head");\nvar script = makeTag("script");\nvar div = makeTag("div");\nvar input = makeTag("input");\nvar hr = makeTag("hr");\n\n// Angular.js app (it actually works!):\nhtml({"ng-app":null},\n  head(\n    script({src:"http://code.angularjs.org/1.2.5/angular.min.js"}),\n    script([\n      "function HelloCntl($scope) {",\n      "  $scope.name = \'World\';",\n      "}"\n    ].join("\\n"))\n  ),\n  body(\n    div({"ng-controller":"HelloCntl"},\n      span(\n        p("Your Name: "),\n        input({type:"text", "ng-model":"name"}),\n        hr(),\n        p("Hello {{name || \'world\'}}!")\n      )\n    )\n  )\n);\n```\n\n## Installation\n\n`npm install wut`\n\n### License\n\n(c) 2013 Alan deLevie. See `package.json` for license.\n',
74 silly publish   readmeFilename: 'README.md',
74 silly publish   bugs: { url: 'https://github.com/adelevie/wut/issues' },
74 silly publish   _id: 'wut@0.0.0',
74 silly publish   dist: { shasum: '83db8f8ec93c55896028b08fd1bf9cb3cfeba7e1' },
74 silly publish   _from: '.' }
75 verbose url raw wut
76 verbose url resolving [ 'https://registry.npmjs.org/', './wut' ]
77 verbose url resolved https://registry.npmjs.org/wut
78 info trying registry request attempt 1 at 01:19:25
79 http PUT https://registry.npmjs.org/wut
80 http 409 https://registry.npmjs.org/wut
81 verbose url raw wut
82 verbose url resolving [ 'https://registry.npmjs.org/', './wut' ]
83 verbose url resolved https://registry.npmjs.org/wut
84 info trying registry request attempt 1 at 01:19:25
85 http GET https://registry.npmjs.org/wut
86 http 200 https://registry.npmjs.org/wut
87 verbose uploading [ 'wut/-/wut-0.0.0.tgz/-rev/1-f94c2a1b5e9a076a49f6ccac663c4cd1',
87 verbose uploading   '/Users/adelevie/.npm/wut/0.0.0/package.tgz' ]
88 verbose url raw wut/-/wut-0.0.0.tgz/-rev/1-f94c2a1b5e9a076a49f6ccac663c4cd1
89 verbose url resolving [ 'https://registry.npmjs.org/',
89 verbose url resolving   './wut/-/wut-0.0.0.tgz/-rev/1-f94c2a1b5e9a076a49f6ccac663c4cd1' ]
90 verbose url resolved https://registry.npmjs.org/wut/-/wut-0.0.0.tgz/-rev/1-f94c2a1b5e9a076a49f6ccac663c4cd1
91 info trying registry request attempt 1 at 01:19:26
92 http PUT https://registry.npmjs.org/wut/-/wut-0.0.0.tgz/-rev/1-f94c2a1b5e9a076a49f6ccac663c4cd1
93 http 201 https://registry.npmjs.org/wut/-/wut-0.0.0.tgz/-rev/1-f94c2a1b5e9a076a49f6ccac663c4cd1
94 verbose publish attached [ 'wut',
94 verbose publish   '/Users/adelevie/.npm/wut/0.0.0/package.tgz',
94 verbose publish   'wut-0.0.0.tgz' ]
95 verbose url raw wut/0.0.0/-tag/latest
96 verbose url resolving [ 'https://registry.npmjs.org/', './wut/0.0.0/-tag/latest' ]
97 verbose url resolved https://registry.npmjs.org/wut/0.0.0/-tag/latest
98 info trying registry request attempt 1 at 01:19:26
99 http PUT https://registry.npmjs.org/wut/0.0.0/-tag/latest
100 http 409 https://registry.npmjs.org/wut/0.0.0/-tag/latest
101 error publish fail Cannot publish over existing version.
101 error publish fail Update the 'version' field in package.json and try again.
101 error publish fail
101 error publish fail If the previous version was published in error, see:
101 error publish fail     npm help unpublish
101 error publish fail
101 error publish fail To automatically increment version numbers, see:
101 error publish fail     npm help version
102 error System Darwin 12.0.0
103 error command "/usr/local/bin/node" "/usr/local/bin/npm" "publish" "."
104 error cwd /Users/adelevie/programming/wut
105 error node -v v0.10.9
106 error npm -v 1.2.24
107 error code EPUBLISHCONFLICT
108 verbose exit [ 1, true ]
